
firmware.elf:     file format elf32-littleriscv

Sections:
Idx Name          Size      VMA       LMA       File off  Algn
  0 .text         00000736  00000000  00000000  00001000  2**2
                  CONTENTS, ALLOC, LOAD, READONLY, CODE
  1 .rodata       00000025  00000738  00000738  00001738  2**2
                  CONTENTS, ALLOC, LOAD, READONLY, DATA
  2 .bss          0000000c  00000760  00000760  0000175d  2**2
                  ALLOC
  3 .riscv.attributes 00000026  00000000  00000000  0000175d  2**0
                  CONTENTS, READONLY
  4 .comment      00000015  00000000  00000000  00001783  2**0
                  CONTENTS, READONLY
  5 .debug_line   000001cf  00000000  00000000  00001798  2**0
                  CONTENTS, READONLY, DEBUGGING, OCTETS
  6 .debug_info   00000026  00000000  00000000  00001967  2**0
                  CONTENTS, READONLY, DEBUGGING, OCTETS
  7 .debug_abbrev 00000014  00000000  00000000  0000198d  2**0
                  CONTENTS, READONLY, DEBUGGING, OCTETS
  8 .debug_aranges 00000020  00000000  00000000  000019a8  2**3
                  CONTENTS, READONLY, DEBUGGING, OCTETS
  9 .debug_str    00000140  00000000  00000000  000019c8  2**0
                  CONTENTS, READONLY, DEBUGGING, OCTETS

Disassembly of section .text:

00000000 <_start>:
   0:	004001b7          	lui	gp,0x400
   4:	00001137          	lui	sp,0x1
   8:	c0010113          	addi	sp,sp,-1024 # c00 <IO_HW_CONFIG_RAM>
   c:	00000097          	auipc	ra,0x0
  10:	010080e7          	jalr	16(ra) # 1c <main>
  14:	00000317          	auipc	t1,0x0
  18:	14c30067          	jr	332(t1) # 160 <exit>

0000001c <main>:
  1c:	fe010113          	addi	sp,sp,-32
  20:	00112e23          	sw	ra,28(sp)
  24:	00812c23          	sw	s0,24(sp)
  28:	02010413          	addi	s0,sp,32
  2c:	fe0407a3          	sb	zero,-17(s0)
  30:	fe040723          	sb	zero,-18(s0)
  34:	00100793          	li	a5,1
  38:	fef407a3          	sb	a5,-17(s0)
  3c:	01c0006f          	j	58 <main+0x3c>
  40:	fef44783          	lbu	a5,-17(s0)
  44:	00278793          	addi	a5,a5,2
  48:	fef40723          	sb	a5,-18(s0)
  4c:	fef44783          	lbu	a5,-17(s0)
  50:	00178793          	addi	a5,a5,1
  54:	fef407a3          	sb	a5,-17(s0)
  58:	fef44703          	lbu	a4,-17(s0)
  5c:	00a00793          	li	a5,10
  60:	fee7f0e3          	bgeu	a5,a4,40 <main+0x24>
  64:	000007b7          	lui	a5,0x0
  68:	73878513          	addi	a0,a5,1848 # 738 <_end+0x2>
  6c:	00000097          	auipc	ra,0x0
  70:	248080e7          	jalr	584(ra) # 2b4 <printf>
  74:	0c800513          	li	a0,200
  78:	00000097          	auipc	ra,0x0
  7c:	02c080e7          	jalr	44(ra) # a4 <milliwait>
  80:	fef44783          	lbu	a5,-17(s0)
  84:	00178793          	addi	a5,a5,1
  88:	fef407a3          	sb	a5,-17(s0)
  8c:	fef44783          	lbu	a5,-17(s0)
  90:	fff7c713          	not	a4,a5
  94:	004007b7          	lui	a5,0x400
  98:	00478793          	addi	a5,a5,4 # 400004 <IO_BASE+0x4>
  9c:	00e7a023          	sw	a4,0(a5)
  a0:	fd5ff06f          	j	74 <main+0x58>

000000a4 <milliwait>:
  a4:	fe010113          	addi	sp,sp,-32
  a8:	00112e23          	sw	ra,28(sp)
  ac:	00812c23          	sw	s0,24(sp)
  b0:	02010413          	addi	s0,sp,32
  b4:	fea42623          	sw	a0,-20(s0)
  b8:	fec42703          	lw	a4,-20(s0)
  bc:	00070793          	mv	a5,a4
  c0:	00379793          	slli	a5,a5,0x3
  c4:	40e787b3          	sub	a5,a5,a4
  c8:	00579793          	slli	a5,a5,0x5
  cc:	00e787b3          	add	a5,a5,a4
  d0:	00479713          	slli	a4,a5,0x4
  d4:	40f70733          	sub	a4,a4,a5
  d8:	00371793          	slli	a5,a4,0x3
  dc:	00078713          	mv	a4,a5
  e0:	00070793          	mv	a5,a4
  e4:	00078513          	mv	a0,a5
  e8:	00000097          	auipc	ra,0x0
  ec:	01c080e7          	jalr	28(ra) # 104 <wait_cycles>
  f0:	00000013          	nop
  f4:	01c12083          	lw	ra,28(sp)
  f8:	01812403          	lw	s0,24(sp)
  fc:	02010113          	addi	sp,sp,32
 100:	00008067          	ret

00000104 <wait_cycles>:
 104:	fd010113          	addi	sp,sp,-48
 108:	02112623          	sw	ra,44(sp)
 10c:	02812423          	sw	s0,40(sp)
 110:	03010413          	addi	s0,sp,48
 114:	fca42e23          	sw	a0,-36(s0)
 118:	00000097          	auipc	ra,0x0
 11c:	0ac080e7          	jalr	172(ra) # 1c4 <cycles>
 120:	00050713          	mv	a4,a0
 124:	fdc42783          	lw	a5,-36(s0)
 128:	00f707b3          	add	a5,a4,a5
 12c:	fef42623          	sw	a5,-20(s0)
 130:	00000013          	nop
 134:	00000097          	auipc	ra,0x0
 138:	090080e7          	jalr	144(ra) # 1c4 <cycles>
 13c:	00050713          	mv	a4,a0
 140:	fec42783          	lw	a5,-20(s0)
 144:	fef768e3          	bltu	a4,a5,134 <wait_cycles+0x30>
 148:	00000013          	nop
 14c:	00000013          	nop
 150:	02c12083          	lw	ra,44(sp)
 154:	02812403          	lw	s0,40(sp)
 158:	03010113          	addi	sp,sp,48
 15c:	00008067          	ret

00000160 <exit>:
 160:	00a1a223          	sw	a0,4(gp) # 400004 <IO_BASE+0x4>

00000164 <exitl1>:
 164:	00051063          	bnez	a0,164 <exitl1>

00000168 <exitl>:
 168:	00100293          	li	t0,1
 16c:	0051a223          	sw	t0,4(gp)
 170:	06400513          	li	a0,100
 174:	00000097          	auipc	ra,0x0
 178:	f30080e7          	jalr	-208(ra) # a4 <milliwait>
 17c:	00200293          	li	t0,2
 180:	0051a223          	sw	t0,4(gp)
 184:	06400513          	li	a0,100
 188:	00000097          	auipc	ra,0x0
 18c:	f1c080e7          	jalr	-228(ra) # a4 <milliwait>
 190:	00400293          	li	t0,4
 194:	0051a223          	sw	t0,4(gp)
 198:	06400513          	li	a0,100
 19c:	00000097          	auipc	ra,0x0
 1a0:	f08080e7          	jalr	-248(ra) # a4 <milliwait>
 1a4:	00800293          	li	t0,8
 1a8:	0051a223          	sw	t0,4(gp)
 1ac:	06400513          	li	a0,100
 1b0:	00000097          	auipc	ra,0x0
 1b4:	ef4080e7          	jalr	-268(ra) # a4 <milliwait>
 1b8:	fb1ff06f          	j	168 <exitl>

000001bc <abort>:
 1bc:	00100073          	ebreak
 1c0:	00008067          	ret

000001c4 <cycles>:
 1c4:	fe010113          	addi	sp,sp,-32
 1c8:	00812e23          	sw	s0,28(sp)
 1cc:	02010413          	addi	s0,sp,32
 1d0:	000007b7          	lui	a5,0x0
 1d4:	7607a783          	lw	a5,1888(a5) # 760 <cycles_lap_.2>
 1d8:	04079863          	bnez	a5,228 <cycles+0x64>
 1dc:	006007b7          	lui	a5,0x600
 1e0:	0007a783          	lw	a5,0(a5) # 600000 <IO_BASE+0x200000>
 1e4:	07f7f713          	andi	a4,a5,127
 1e8:	000007b7          	lui	a5,0x0
 1ec:	76e7a023          	sw	a4,1888(a5) # 760 <cycles_lap_.2>
 1f0:	000007b7          	lui	a5,0x0
 1f4:	7607a703          	lw	a4,1888(a5) # 760 <cycles_lap_.2>
 1f8:	02000793          	li	a5,32
 1fc:	00f71a63          	bne	a4,a5,210 <cycles+0x4c>
 200:	000007b7          	lui	a5,0x0
 204:	fff00713          	li	a4,-1
 208:	76e7a023          	sw	a4,1888(a5) # 760 <cycles_lap_.2>
 20c:	01c0006f          	j	228 <cycles+0x64>
 210:	000007b7          	lui	a5,0x0
 214:	7607a783          	lw	a5,1888(a5) # 760 <cycles_lap_.2>
 218:	00100713          	li	a4,1
 21c:	00f71733          	sll	a4,a4,a5
 220:	000007b7          	lui	a5,0x0
 224:	76e7a023          	sw	a4,1888(a5) # 760 <cycles_lap_.2>
 228:	c00027f3          	rdcycle	a5
 22c:	fef42623          	sw	a5,-20(s0)
 230:	000007b7          	lui	a5,0x0
 234:	7647a783          	lw	a5,1892(a5) # 764 <last_cycles32_.1>
 238:	fec42703          	lw	a4,-20(s0)
 23c:	02f77063          	bgeu	a4,a5,25c <cycles+0x98>
 240:	000007b7          	lui	a5,0x0
 244:	7687a703          	lw	a4,1896(a5) # 768 <cycles_.0>
 248:	000007b7          	lui	a5,0x0
 24c:	7607a783          	lw	a5,1888(a5) # 760 <cycles_lap_.2>
 250:	00f70733          	add	a4,a4,a5
 254:	000007b7          	lui	a5,0x0
 258:	76e7a423          	sw	a4,1896(a5) # 768 <cycles_.0>
 25c:	000007b7          	lui	a5,0x0
 260:	7687a703          	lw	a4,1896(a5) # 768 <cycles_.0>
 264:	fec42783          	lw	a5,-20(s0)
 268:	00f70733          	add	a4,a4,a5
 26c:	000007b7          	lui	a5,0x0
 270:	76e7a423          	sw	a4,1896(a5) # 768 <cycles_.0>
 274:	000007b7          	lui	a5,0x0
 278:	7687a703          	lw	a4,1896(a5) # 768 <cycles_.0>
 27c:	000007b7          	lui	a5,0x0
 280:	7647a783          	lw	a5,1892(a5) # 764 <last_cycles32_.1>
 284:	40f70733          	sub	a4,a4,a5
 288:	000007b7          	lui	a5,0x0
 28c:	76e7a423          	sw	a4,1896(a5) # 768 <cycles_.0>
 290:	000007b7          	lui	a5,0x0
 294:	fec42703          	lw	a4,-20(s0)
 298:	76e7a223          	sw	a4,1892(a5) # 764 <last_cycles32_.1>
 29c:	000007b7          	lui	a5,0x0
 2a0:	7687a783          	lw	a5,1896(a5) # 768 <cycles_.0>
 2a4:	00078513          	mv	a0,a5
 2a8:	01c12403          	lw	s0,28(sp)
 2ac:	02010113          	addi	sp,sp,32
 2b0:	00008067          	ret

000002b4 <printf>:
 2b4:	fb010113          	addi	sp,sp,-80
 2b8:	02112623          	sw	ra,44(sp)
 2bc:	02812423          	sw	s0,40(sp)
 2c0:	03010413          	addi	s0,sp,48
 2c4:	fca42e23          	sw	a0,-36(s0)
 2c8:	00b42223          	sw	a1,4(s0)
 2cc:	00c42423          	sw	a2,8(s0)
 2d0:	00d42623          	sw	a3,12(s0)
 2d4:	00e42823          	sw	a4,16(s0)
 2d8:	00f42a23          	sw	a5,20(s0)
 2dc:	01042c23          	sw	a6,24(s0)
 2e0:	01142e23          	sw	a7,28(s0)
 2e4:	02040793          	addi	a5,s0,32
 2e8:	fcf42c23          	sw	a5,-40(s0)
 2ec:	fd842783          	lw	a5,-40(s0)
 2f0:	fe478793          	addi	a5,a5,-28
 2f4:	fef42623          	sw	a5,-20(s0)
 2f8:	1180006f          	j	410 <printf+0x15c>
 2fc:	fdc42783          	lw	a5,-36(s0)
 300:	0007c703          	lbu	a4,0(a5)
 304:	02500793          	li	a5,37
 308:	0ef71463          	bne	a4,a5,3f0 <printf+0x13c>
 30c:	fdc42783          	lw	a5,-36(s0)
 310:	00178793          	addi	a5,a5,1
 314:	fcf42e23          	sw	a5,-36(s0)
 318:	fdc42783          	lw	a5,-36(s0)
 31c:	0007c703          	lbu	a4,0(a5)
 320:	07300793          	li	a5,115
 324:	02f71263          	bne	a4,a5,348 <printf+0x94>
 328:	fec42783          	lw	a5,-20(s0)
 32c:	00478713          	addi	a4,a5,4
 330:	fee42623          	sw	a4,-20(s0)
 334:	0007a783          	lw	a5,0(a5)
 338:	00078513          	mv	a0,a5
 33c:	00000097          	auipc	ra,0x0
 340:	12c080e7          	jalr	300(ra) # 468 <print_string>
 344:	0c00006f          	j	404 <printf+0x150>
 348:	fdc42783          	lw	a5,-36(s0)
 34c:	0007c703          	lbu	a4,0(a5)
 350:	07800793          	li	a5,120
 354:	02f71263          	bne	a4,a5,378 <printf+0xc4>
 358:	fec42783          	lw	a5,-20(s0)
 35c:	00478713          	addi	a4,a5,4
 360:	fee42623          	sw	a4,-20(s0)
 364:	0007a783          	lw	a5,0(a5)
 368:	00078513          	mv	a0,a5
 36c:	00000097          	auipc	ra,0x0
 370:	290080e7          	jalr	656(ra) # 5fc <print_hex>
 374:	0900006f          	j	404 <printf+0x150>
 378:	fdc42783          	lw	a5,-36(s0)
 37c:	0007c703          	lbu	a4,0(a5)
 380:	06400793          	li	a5,100
 384:	02f71263          	bne	a4,a5,3a8 <printf+0xf4>
 388:	fec42783          	lw	a5,-20(s0)
 38c:	00478713          	addi	a4,a5,4
 390:	fee42623          	sw	a4,-20(s0)
 394:	0007a783          	lw	a5,0(a5)
 398:	00078513          	mv	a0,a5
 39c:	00000097          	auipc	ra,0x0
 3a0:	174080e7          	jalr	372(ra) # 510 <print_dec>
 3a4:	0600006f          	j	404 <printf+0x150>
 3a8:	fdc42783          	lw	a5,-36(s0)
 3ac:	0007c703          	lbu	a4,0(a5)
 3b0:	06300793          	li	a5,99
 3b4:	02f71263          	bne	a4,a5,3d8 <printf+0x124>
 3b8:	fec42783          	lw	a5,-20(s0)
 3bc:	00478713          	addi	a4,a5,4
 3c0:	fee42623          	sw	a4,-20(s0)
 3c4:	0007a783          	lw	a5,0(a5)
 3c8:	00078513          	mv	a0,a5
 3cc:	00000097          	auipc	ra,0x0
 3d0:	068080e7          	jalr	104(ra) # 434 <putchar>
 3d4:	0300006f          	j	404 <printf+0x150>
 3d8:	fdc42783          	lw	a5,-36(s0)
 3dc:	0007c783          	lbu	a5,0(a5)
 3e0:	00078513          	mv	a0,a5
 3e4:	00000097          	auipc	ra,0x0
 3e8:	050080e7          	jalr	80(ra) # 434 <putchar>
 3ec:	0180006f          	j	404 <printf+0x150>
 3f0:	fdc42783          	lw	a5,-36(s0)
 3f4:	0007c783          	lbu	a5,0(a5)
 3f8:	00078513          	mv	a0,a5
 3fc:	00000097          	auipc	ra,0x0
 400:	038080e7          	jalr	56(ra) # 434 <putchar>
 404:	fdc42783          	lw	a5,-36(s0)
 408:	00178793          	addi	a5,a5,1
 40c:	fcf42e23          	sw	a5,-36(s0)
 410:	fdc42783          	lw	a5,-36(s0)
 414:	0007c783          	lbu	a5,0(a5)
 418:	ee0792e3          	bnez	a5,2fc <printf+0x48>
 41c:	00000793          	li	a5,0
 420:	00078513          	mv	a0,a5
 424:	02c12083          	lw	ra,44(sp)
 428:	02812403          	lw	s0,40(sp)
 42c:	05010113          	addi	sp,sp,80
 430:	00008067          	ret

00000434 <putchar>:
 434:	00a1a423          	sw	a0,8(gp)
 438:	20000293          	li	t0,512
 43c:	0101a303          	lw	t1,16(gp)
 440:	00537333          	and	t1,t1,t0
 444:	fe031ce3          	bnez	t1,43c <putchar+0x8>
 448:	00008067          	ret

0000044c <getchar>:
 44c:	0081a503          	lw	a0,8(gp)
 450:	10057293          	andi	t0,a0,256
 454:	fe028ce3          	beqz	t0,44c <getchar>
 458:	0ff57513          	andi	a0,a0,255
 45c:	00a00293          	li	t0,10
 460:	fe5506e3          	beq	a0,t0,44c <getchar>
 464:	00008067          	ret

00000468 <print_string>:
 468:	fd010113          	addi	sp,sp,-48
 46c:	02112623          	sw	ra,44(sp)
 470:	02812423          	sw	s0,40(sp)
 474:	03010413          	addi	s0,sp,48
 478:	fca42e23          	sw	a0,-36(s0)
 47c:	fdc42783          	lw	a5,-36(s0)
 480:	fef42623          	sw	a5,-20(s0)
 484:	0240006f          	j	4a8 <print_string+0x40>
 488:	fec42783          	lw	a5,-20(s0)
 48c:	0007c783          	lbu	a5,0(a5)
 490:	00078513          	mv	a0,a5
 494:	00000097          	auipc	ra,0x0
 498:	fa0080e7          	jalr	-96(ra) # 434 <putchar>
 49c:	fec42783          	lw	a5,-20(s0)
 4a0:	00178793          	addi	a5,a5,1
 4a4:	fef42623          	sw	a5,-20(s0)
 4a8:	fec42783          	lw	a5,-20(s0)
 4ac:	0007c783          	lbu	a5,0(a5)
 4b0:	fc079ce3          	bnez	a5,488 <print_string+0x20>
 4b4:	00000013          	nop
 4b8:	00000013          	nop
 4bc:	02c12083          	lw	ra,44(sp)
 4c0:	02812403          	lw	s0,40(sp)
 4c4:	03010113          	addi	sp,sp,48
 4c8:	00008067          	ret

000004cc <puts>:
 4cc:	fe010113          	addi	sp,sp,-32
 4d0:	00112e23          	sw	ra,28(sp)
 4d4:	00812c23          	sw	s0,24(sp)
 4d8:	02010413          	addi	s0,sp,32
 4dc:	fea42623          	sw	a0,-20(s0)
 4e0:	fec42503          	lw	a0,-20(s0)
 4e4:	00000097          	auipc	ra,0x0
 4e8:	f84080e7          	jalr	-124(ra) # 468 <print_string>
 4ec:	00a00513          	li	a0,10
 4f0:	00000097          	auipc	ra,0x0
 4f4:	f44080e7          	jalr	-188(ra) # 434 <putchar>
 4f8:	00100793          	li	a5,1
 4fc:	00078513          	mv	a0,a5
 500:	01c12083          	lw	ra,28(sp)
 504:	01812403          	lw	s0,24(sp)
 508:	02010113          	addi	sp,sp,32
 50c:	00008067          	ret

00000510 <print_dec>:
 510:	ed010113          	addi	sp,sp,-304
 514:	12112623          	sw	ra,300(sp)
 518:	12812423          	sw	s0,296(sp)
 51c:	13010413          	addi	s0,sp,304
 520:	eca42e23          	sw	a0,-292(s0)
 524:	eec40793          	addi	a5,s0,-276
 528:	fef42623          	sw	a5,-20(s0)
 52c:	edc42783          	lw	a5,-292(s0)
 530:	0607da63          	bgez	a5,5a4 <print_dec+0x94>
 534:	02d00513          	li	a0,45
 538:	00000097          	auipc	ra,0x0
 53c:	efc080e7          	jalr	-260(ra) # 434 <putchar>
 540:	edc42783          	lw	a5,-292(s0)
 544:	40f007b3          	neg	a5,a5
 548:	00078513          	mv	a0,a5
 54c:	00000097          	auipc	ra,0x0
 550:	fc4080e7          	jalr	-60(ra) # 510 <print_dec>
 554:	0980006f          	j	5ec <print_dec+0xdc>
 558:	edc42783          	lw	a5,-292(s0)
 55c:	00a00593          	li	a1,10
 560:	00078513          	mv	a0,a5
 564:	00000097          	auipc	ra,0x0
 568:	1ac080e7          	jalr	428(ra) # 710 <__modsi3>
 56c:	00050793          	mv	a5,a0
 570:	00078693          	mv	a3,a5
 574:	fec42783          	lw	a5,-20(s0)
 578:	00178713          	addi	a4,a5,1
 57c:	fee42623          	sw	a4,-20(s0)
 580:	0ff6f713          	andi	a4,a3,255
 584:	00e78023          	sb	a4,0(a5)
 588:	edc42783          	lw	a5,-292(s0)
 58c:	00a00593          	li	a1,10
 590:	00078513          	mv	a0,a5
 594:	00000097          	auipc	ra,0x0
 598:	124080e7          	jalr	292(ra) # 6b8 <__divsi3>
 59c:	00050793          	mv	a5,a0
 5a0:	ecf42e23          	sw	a5,-292(s0)
 5a4:	edc42783          	lw	a5,-292(s0)
 5a8:	fa0798e3          	bnez	a5,558 <print_dec+0x48>
 5ac:	eec40793          	addi	a5,s0,-276
 5b0:	fec42703          	lw	a4,-20(s0)
 5b4:	faf702e3          	beq	a4,a5,558 <print_dec+0x48>
 5b8:	0280006f          	j	5e0 <print_dec+0xd0>
 5bc:	fec42783          	lw	a5,-20(s0)
 5c0:	fff78793          	addi	a5,a5,-1
 5c4:	fef42623          	sw	a5,-20(s0)
 5c8:	fec42783          	lw	a5,-20(s0)
 5cc:	0007c783          	lbu	a5,0(a5)
 5d0:	03078793          	addi	a5,a5,48
 5d4:	00078513          	mv	a0,a5
 5d8:	00000097          	auipc	ra,0x0
 5dc:	e5c080e7          	jalr	-420(ra) # 434 <putchar>
 5e0:	eec40793          	addi	a5,s0,-276
 5e4:	fec42703          	lw	a4,-20(s0)
 5e8:	fcf71ae3          	bne	a4,a5,5bc <print_dec+0xac>
 5ec:	12c12083          	lw	ra,300(sp)
 5f0:	12812403          	lw	s0,296(sp)
 5f4:	13010113          	addi	sp,sp,304
 5f8:	00008067          	ret

000005fc <print_hex>:
 5fc:	fe010113          	addi	sp,sp,-32
 600:	00112e23          	sw	ra,28(sp)
 604:	00812c23          	sw	s0,24(sp)
 608:	02010413          	addi	s0,sp,32
 60c:	fea42623          	sw	a0,-20(s0)
 610:	00800593          	li	a1,8
 614:	fec42503          	lw	a0,-20(s0)
 618:	00000097          	auipc	ra,0x0
 61c:	01c080e7          	jalr	28(ra) # 634 <print_hex_digits>
 620:	00000013          	nop
 624:	01c12083          	lw	ra,28(sp)
 628:	01812403          	lw	s0,24(sp)
 62c:	02010113          	addi	sp,sp,32
 630:	00008067          	ret

00000634 <print_hex_digits>:
 634:	fd010113          	addi	sp,sp,-48
 638:	02112623          	sw	ra,44(sp)
 63c:	02812423          	sw	s0,40(sp)
 640:	03010413          	addi	s0,sp,48
 644:	fca42e23          	sw	a0,-36(s0)
 648:	fcb42c23          	sw	a1,-40(s0)
 64c:	fd842783          	lw	a5,-40(s0)
 650:	fff78793          	addi	a5,a5,-1
 654:	00279793          	slli	a5,a5,0x2
 658:	fef42623          	sw	a5,-20(s0)
 65c:	03c0006f          	j	698 <print_hex_digits+0x64>
 660:	fec42783          	lw	a5,-20(s0)
 664:	fdc42703          	lw	a4,-36(s0)
 668:	00f757b3          	srl	a5,a4,a5
 66c:	00f7f793          	andi	a5,a5,15
 670:	00000737          	lui	a4,0x0
 674:	74c70713          	addi	a4,a4,1868 # 74c <_end+0x16>
 678:	00f707b3          	add	a5,a4,a5
 67c:	0007c783          	lbu	a5,0(a5)
 680:	00078513          	mv	a0,a5
 684:	00000097          	auipc	ra,0x0
 688:	db0080e7          	jalr	-592(ra) # 434 <putchar>
 68c:	fec42783          	lw	a5,-20(s0)
 690:	ffc78793          	addi	a5,a5,-4
 694:	fef42623          	sw	a5,-20(s0)
 698:	fec42783          	lw	a5,-20(s0)
 69c:	fc07d2e3          	bgez	a5,660 <print_hex_digits+0x2c>
 6a0:	00000013          	nop
 6a4:	00000013          	nop
 6a8:	02c12083          	lw	ra,44(sp)
 6ac:	02812403          	lw	s0,40(sp)
 6b0:	03010113          	addi	sp,sp,48
 6b4:	00008067          	ret

000006b8 <__divsi3>:
 6b8:	02054e63          	bltz	a0,6f4 <__umodsi3+0x8>
 6bc:	0405c363          	bltz	a1,702 <__umodsi3+0x16>

000006c0 <__udivsi3>:
 6c0:	862e                	mv	a2,a1
 6c2:	85aa                	mv	a1,a0
 6c4:	557d                	li	a0,-1
 6c6:	c215                	beqz	a2,6ea <__udivsi3+0x2a>
 6c8:	4685                	li	a3,1
 6ca:	00b67863          	bgeu	a2,a1,6da <__udivsi3+0x1a>
 6ce:	00c05663          	blez	a2,6da <__udivsi3+0x1a>
 6d2:	0606                	slli	a2,a2,0x1
 6d4:	0686                	slli	a3,a3,0x1
 6d6:	feb66ce3          	bltu	a2,a1,6ce <__udivsi3+0xe>
 6da:	4501                	li	a0,0
 6dc:	00c5e463          	bltu	a1,a2,6e4 <__udivsi3+0x24>
 6e0:	8d91                	sub	a1,a1,a2
 6e2:	8d55                	or	a0,a0,a3
 6e4:	8285                	srli	a3,a3,0x1
 6e6:	8205                	srli	a2,a2,0x1
 6e8:	faf5                	bnez	a3,6dc <__udivsi3+0x1c>
 6ea:	8082                	ret

000006ec <__umodsi3>:
 6ec:	8286                	mv	t0,ra
 6ee:	3fc9                	jal	6c0 <__udivsi3>
 6f0:	852e                	mv	a0,a1
 6f2:	8282                	jr	t0
 6f4:	40a00533          	neg	a0,a0
 6f8:	0005d763          	bgez	a1,706 <__umodsi3+0x1a>
 6fc:	40b005b3          	neg	a1,a1
 700:	b7c1                	j	6c0 <__udivsi3>
 702:	40b005b3          	neg	a1,a1
 706:	8286                	mv	t0,ra
 708:	3f65                	jal	6c0 <__udivsi3>
 70a:	40a00533          	neg	a0,a0
 70e:	8282                	jr	t0

00000710 <__modsi3>:
 710:	8286                	mv	t0,ra
 712:	0005c763          	bltz	a1,720 <__modsi3+0x10>
 716:	00054963          	bltz	a0,728 <__modsi3+0x18>
 71a:	375d                	jal	6c0 <__udivsi3>
 71c:	852e                	mv	a0,a1
 71e:	8282                	jr	t0
 720:	40b005b3          	neg	a1,a1
 724:	fe055be3          	bgez	a0,71a <__modsi3+0xa>
 728:	40a00533          	neg	a0,a0
 72c:	3f51                	jal	6c0 <__udivsi3>
 72e:	40b00533          	neg	a0,a1
 732:	8282                	jr	t0
	...
